2025-03-19 19:40:14,182 - __main__ - INFO - 🔍 RAG Search Interface
2025-03-19 19:40:14,182 - __main__ - INFO - Type 'exit' to quit
2025-03-19 19:40:36,705 - httpx - INFO - HTTP Request: POST http://127.0.0.1:11434/api/embeddings "HTTP/1.1 200 OK"
2025-03-19 19:41:47,245 - httpx - INFO - HTTP Request: POST http://127.0.0.1:11434/api/chat "HTTP/1.1 200 OK"
2025-03-19 19:41:47,247 - __main__ - INFO - 
--- Response ---
2025-03-19 19:41:47,247 - __main__ - INFO -  A binary search tree is a data structure where every node in the tree has a left subtree that contains nodes with values less than its parent, and a right subtree that contains nodes with values greater than its parent. This makes it possible to quickly perform operations like search, insert, and delete while maintaining an O(log n) time complexity. However, for the binary search tree to function correctly, it needs to be sorted. AVL trees are a specific type of self-balancing binary search tree where the balance factor (height difference between left and right subtrees) is at most 1, ensuring that operations maintain their efficient time complexity.
2025-03-19 19:43:15,264 - httpx - INFO - HTTP Request: POST http://127.0.0.1:11434/api/embeddings "HTTP/1.1 200 OK"
2025-03-19 19:44:02,432 - httpx - INFO - HTTP Request: POST http://127.0.0.1:11434/api/chat "HTTP/1.1 200 OK"
2025-03-19 19:44:02,433 - __main__ - INFO - 
--- Response ---
2025-03-19 19:44:02,433 - __main__ - INFO -  The advantages of a Binary Search Tree include fast insert and fast search operations due to its property of being sorted, making it efficient for both searching and traversing. However, initial data must be sorted prior to insertion into the tree. Additionally, AVL trees, which are self-balancing binary search trees, maintain O(log n) time complexity for search, insert, and delete operations due to their balancing property.
2025-03-20 09:24:59,376 - __main__ - INFO - 🔍 RAG Search Interface
2025-03-20 09:24:59,377 - __main__ - INFO - Type 'exit' to quit
2025-03-20 09:25:56,745 - __main__ - INFO - 🔍 RAG Search Interface
2025-03-20 09:25:56,746 - __main__ - INFO - Type 'exit' to quit
2025-03-20 09:25:59,333 - httpx - INFO - HTTP Request: POST http://127.0.0.1:11434/api/embeddings "HTTP/1.1 200 OK"
2025-03-20 09:27:03,414 - httpx - INFO - HTTP Request: POST http://127.0.0.1:11434/api/chat "HTTP/1.1 200 OK"
2025-03-20 09:27:03,414 - __main__ - INFO - 
--- Response ---
2025-03-20 09:27:03,414 - __main__ - INFO -  The main difference between a list where memory is contiguously allocated and a list where linked structures are used lies in their storage and access efficiency. In contiguous allocation, all elements are stored continuously in memory, making random access faster (O(1)) but insertions or deletions at any position other than the end can be slow (O(n)). On the other hand, in a linked list, each element is linked to the next through memory addresses. This allows for easy insertion or deletion of elements anywhere in the list (O(1) for front and O(n) for others), but random access becomes slower due to the need to traverse through links (O(n)). Additionally, contiguous allocation consumes a larger chunk of continuous memory, while linked structures can be more space-efficient as they only require additional memory for the addresses.
2025-03-20 09:27:48,242 - httpx - INFO - HTTP Request: POST http://127.0.0.1:11434/api/embeddings "HTTP/1.1 200 OK"
2025-03-20 09:28:27,858 - httpx - INFO - HTTP Request: POST http://127.0.0.1:11434/api/chat "HTTP/1.1 200 OK"
2025-03-20 09:28:27,858 - __main__ - INFO - 
--- Response ---
2025-03-20 09:28:27,858 - __main__ - INFO -  Linked lists are faster for inserting anywhere in the list, as compared to contiguously-allocated lists (also known as arrays). This is because in a linked list, adding a new element requires modifying only the link pointing to it (constant time complexity O(1)), whereas in a contiguous list, all elements after the insertion point need to be shifted (linear time complexity O(n)). However, when it comes to random access, arrays are faster because they allow direct access to any element by its index, while in a linked list, each access requires traversing through the list from the beginning or starting point (which takes linear time complexity O(n)).
2025-03-20 09:29:19,148 - httpx - INFO - HTTP Request: POST http://127.0.0.1:11434/api/embeddings "HTTP/1.1 200 OK"
2025-03-20 09:30:22,826 - httpx - INFO - HTTP Request: POST http://127.0.0.1:11434/api/chat "HTTP/1.1 200 OK"
2025-03-20 09:30:22,826 - __main__ - INFO - 
--- Response ---
2025-03-20 09:30:22,826 - __main__ - INFO -  The insertion of 23 in an AVL tree can create a Left-Right Case, as it will be inserted as a right child of a node (since 23 > current node's key) and its left child may have a balance factor +1. This situation is also known as "zig-zag rotation" because the process involves both left and right rotations to rebalance the tree. Specifically, a left rotation on the left child of the unbalanced node (which has a balance factor -2) followed by a right rotation on the unbalanced node will restore the balance in the AVL tree.
2025-03-20 09:30:22,828 - httpx - INFO - HTTP Request: POST http://127.0.0.1:11434/api/embeddings "HTTP/1.1 200 OK"
2025-03-20 09:30:22,829 - __main__ - ERROR - Search error: Error parsing vector similarity query: query vector blob size (0) does not match index's expected size (3072).
2025-03-20 09:30:31,060 - httpx - INFO - HTTP Request: POST http://127.0.0.1:11434/api/chat "HTTP/1.1 200 OK"
2025-03-20 09:30:31,060 - __main__ - INFO - 
--- Response ---
2025-03-20 09:30:31,061 - __main__ - INFO -  Based on the provided context, I don't see any specific information that directly answers your question. To assist you better, could you please specify a particular question or topic related to the provided context? This way, I can provide an accurate and helpful response.
2025-03-20 09:30:31,072 - httpx - INFO - HTTP Request: POST http://127.0.0.1:11434/api/embeddings "HTTP/1.1 200 OK"
2025-03-20 09:31:22,948 - httpx - INFO - HTTP Request: POST http://127.0.0.1:11434/api/chat "HTTP/1.1 200 OK"
2025-03-20 09:31:22,948 - __main__ - INFO - 
--- Response ---
2025-03-20 09:31:22,948 - __main__ - INFO -  In the context provided, the number 30 is mentioned in two different chunks. In the first chunk, it appears as a value being inserted into a tree structure and it causes the tree to become right-heavy, needing a left rotation at the root (if I understand the tree balancing correctly).

In the second chunk, it is used as an example for counting documents in a MongoDB collection. To count documents older than 30 using MongoDB's `countDocuments()` function, you would actually use a query with `{ age: { $gt: 30 } }`. So while the number 30 itself doesn't have a direct interpretation in this context, it is used as a value for tree balancing and as an example for counting documents in MongoDB.
2025-03-20 09:31:22,961 - httpx - INFO - HTTP Request: POST http://127.0.0.1:11434/api/embeddings "HTTP/1.1 200 OK"
2025-03-20 09:32:19,688 - httpx - INFO - HTTP Request: POST http://127.0.0.1:11434/api/chat "HTTP/1.1 200 OK"
2025-03-20 09:32:19,688 - __main__ - INFO - 
--- Response ---
2025-03-20 09:32:19,688 - __main__ - INFO -  Given the context provided, it seems that Redis is a Key-Value (KV) store, and it also supports other data models such as Graph, Spatial, Full Text Search, Vector, Time Series. The KV pairs in Redis can be strings, lists (linked lists), sets (unique unsorted string elements), sorted sets, hashes (string to string). Also, the values of a hash in Redis are collections of field-value pairs.

In terms of the graph structure, the notes mention that graphs can be directed or undirected, weighted or unweighted, and acyclic or cyclic. This implies that relationships (edges) between nodes have a start and end node and may or may not have a weight property. They can also contain cycles or not.

However, I don't see any direct mention of the specific use case of using Redis for counting web page/app screen views or rate limiting, or the concept of a hash being used for token management. It would be best to confirm these points with the actual notes or further research.
2025-03-20 09:32:19,700 - httpx - INFO - HTTP Request: POST http://127.0.0.1:11434/api/embeddings "HTTP/1.1 200 OK"
2025-03-20 09:33:57,210 - httpx - INFO - HTTP Request: POST http://127.0.0.1:11434/api/chat "HTTP/1.1 200 OK"
2025-03-20 09:33:57,210 - __main__ - INFO - 
--- Response ---
2025-03-20 09:33:57,210 - __main__ - INFO -  To insert the keys `25` and `35` into an AVL Tree, following the pseudocode provided in the context, we would first traverse the tree to find where these new nodes should be inserted.

1. Start at the root of the tree. If the key is less than the current node's key, move towards the left child; otherwise, move towards the right child.

2. After finding the appropriate location for the new key, create a new node with that key and set it as either the left or right child of the current node, depending on whether the key is less than or greater than the current node's key.

3. Trace back from the insertion point to the root, recalculating heights and balance factors at each step as we go up the tree.

4. If the tree becomes unbalanced (i.e., the difference between the heights of the left and right subtrees exceeds 1), apply rotations when needed to rebalance the tree, following the rules provided in the context for AVL Tree rotations.

Here's an example of how we might insert `25` and `35` into a balanced AVL tree:

```
(root = 10)
        10
      /     \
     20      null
   /    \
  10    null

// Insert 25
   20
 / \
10  25

// Now, let's insert 35
       30
     /
    35

At this point, the tree becomes right-heavy at node 30. We need to apply a left rotation at the root:

        30
       /
     10
    /   \
   20    35
```

The resulting tree is still balanced and follows AVL Tree rules.
2025-03-20 09:33:57,222 - httpx - INFO - HTTP Request: POST http://127.0.0.1:11434/api/embeddings "HTTP/1.1 200 OK"
2025-03-20 09:35:38,376 - httpx - INFO - HTTP Request: POST http://127.0.0.1:11434/api/chat "HTTP/1.1 200 OK"
2025-03-20 09:35:38,377 - __main__ - INFO - 
--- Response ---
2025-03-20 09:35:38,377 - __main__ - INFO -  The query provided doesn't seem to be explicitly answered in the context you've given. However, I can help explain some of the terms and concepts from the context that might be relevant to your question:

1. String - A sequence of bytes representing text or serialized objects. It's a simple data type used for mapping strings to another string, caching frequently accessed fragments, config settings, user settings info, token management, and counting web page/app screen views.

2. Hash Type - It maps a string to a collection of field-value pairs, and it's useful in cases like caching and config settings.

3. KV Store (Key-Value Store) - A database primarily used as a key-value store but can be used with other models such as Graph, Spatial, Full Text Search, Vector, Time Series. Redis is an example of a KV store that provides 16 databases by default and offers commands for setting and getting k/v pairs.

4. Redis Data types - Keys can be strings or any binary sequence, while values can be strings, lists (linked lists), sets (unique unsorted string elements), Sorted Sets, Hashes (string → string), and Geospatial data.

5. Graph Database System - A database system that supports both transactional and analytical processing of graph-based data. Neo4j is an example of a Graph Database System which is relatively new and considered schema optional. It supports various types of indexing, ACID compliance, distributed computing, and it's similar to Microsoft CosmosDB and Amazon Neptune.

6. Graph Algorithms - There are several algorithms used for processing graph data, such as Dijkstra’s Algorithm (single-source shortest path algo for positively weighted graphs), A* Algorithm (similar to Dijkstra's with added heuristic feature), and PageRank (measures the importance of each node within a graph based on incoming relationships).

If you have a specific question related to these concepts, feel free to ask!
2025-03-20 09:35:38,389 - httpx - INFO - HTTP Request: POST http://127.0.0.1:11434/api/embeddings "HTTP/1.1 200 OK"
2025-03-20 09:36:37,323 - httpx - INFO - HTTP Request: POST http://127.0.0.1:11434/api/chat "HTTP/1.1 200 OK"
2025-03-20 09:36:37,323 - __main__ - INFO - 
--- Response ---
2025-03-20 09:36:37,323 - __main__ - INFO -  I don't know how to directly answer your query with the provided context. The context seems to focus on MongoDB operations and graph algorithms, but there isn't any clear connection between these topics and the number 20 in the provided context. If you meant asking for more details about the query operators or graph algorithms from the notes, I can certainly provide that information:

Query Operators:
- $gt (greater than)
- $lt (less than)
- $gte (greater than or equal to)
- $lte (less than or equal to)
- $in (matches any value in a list)
- $ne (not equal)
- $or, $and, $not for logical operations.

Example:
// Find users older than 30 or living in Chicago
db.users.find({ $or: [{ age: { $gt: 30 } }, { city: "Chicago" }] })

Graph Algorithms:
- Sparse vs dense graphs
- Types of graph algorithms (Pathfinding, Shortest Path, etc.)
- Finding the shortest path between two nodes, if one exists, is probably the most common operation in graph algorithms.
2025-03-20 09:36:37,325 - httpx - INFO - HTTP Request: POST http://127.0.0.1:11434/api/embeddings "HTTP/1.1 200 OK"
2025-03-20 09:36:37,326 - __main__ - ERROR - Search error: Error parsing vector similarity query: query vector blob size (0) does not match index's expected size (3072).
2025-03-20 09:37:13,200 - __main__ - INFO - 🔍 RAG Search Interface
2025-03-20 09:37:13,200 - __main__ - INFO - Type 'exit' to quit
2025-03-20 09:37:22,389 - httpx - INFO - HTTP Request: POST http://127.0.0.1:11434/api/embeddings "HTTP/1.1 200 OK"
2025-03-20 09:38:57,184 - httpx - INFO - HTTP Request: POST http://127.0.0.1:11434/api/chat "HTTP/1.1 200 OK"
2025-03-20 09:38:57,184 - __main__ - INFO - 
--- Response ---
2025-03-20 09:38:57,184 - __main__ - INFO -  Disk-based indexing in the context of databases refers to a data structure used to efficiently locate, retrieve, and sort specific data stored on disk. It helps improve the performance of database systems by reducing the time required to search for and access data during queries.

The importance of disk-based indexing lies primarily in its ability to speed up search operations, especially when dealing with large amounts of data. Without indexes, the system would have to perform a linear scan (sequential search) on the entire dataset to find specific information, which could be extremely time-consuming and inefficient.

In the worst case scenario, as mentioned in your notes, a linear scan can take O(n) time complexity, where n is the number of items in the dataset. In contrast, disk-based indexes allow for more efficient search algorithms like binary search, which has an average time complexity of O(log2n), making it much faster and more practical for large datasets.

Moreover, when data is sorted by column id's value, searching for a specific id can be done quickly (fast) because we only need to access that particular column. However, if we want to search for other specific values (e.g., specialVal), disk-based indexing becomes crucial as the only option without it would be a slow linear scan of the entire column.

In summary, disk-based indexing is important for database systems because it improves their efficiency by reducing the time required to locate and retrieve specific data during queries, particularly when dealing with large datasets and complex search requirements.
2025-03-20 09:39:25,940 - httpx - INFO - HTTP Request: POST http://127.0.0.1:11434/api/embeddings "HTTP/1.1 200 OK"
2025-03-20 09:41:07,191 - httpx - INFO - HTTP Request: POST http://127.0.0.1:11434/api/chat "HTTP/1.1 200 OK"
2025-03-20 09:41:07,192 - __main__ - INFO - 
--- Response ---
2025-03-20 09:41:07,192 - __main__ - INFO -  A B+ Tree is often considered more suitable for indexing a large dataset compared to an AVL tree due to its ability to handle a larger number of keys efficiently. Here are some reasons:

1. **Efficient Range Queries**: In a B+ Tree, leaf nodes are connected in a doubly linked list, making it easier and quicker to perform range queries. This is not the case with AVL trees.

2. **Data Storage**: Internal nodes of a B+ Tree store keys (as guides for traversal) but don't store data, whereas internal nodes in an AVL tree do store keys. In a large dataset, this difference can lead to memory savings with a B+ Tree.

3. **Balancing**: While both trees ensure logarithmic time complexity for search, insertion, and deletion operations, the balancing mechanism of a B+ Tree is based on filling factors (every node must be at least half full), rather than the height difference between subtrees like in AVL trees. This makes B+ Trees simpler to implement and potentially faster for large datasets where the data distribution might not strictly adhere to the balance factor rules of AVL trees.

4. **Number of Levels**: Since a B+ Tree can have more children per node (up to m, where m is defined by the order of the tree), it can reduce the number of levels in the tree compared to an AVL tree with the same number of keys, leading to fewer comparisons and faster operations.

However, both trees have their use cases depending on the specific requirements of the application. For example, AVL trees are often used for applications that require frequent insertions and deletions, while B+ Trees are useful for large datasets with a focus on range queries.
2025-03-20 09:41:39,743 - httpx - INFO - HTTP Request: POST http://127.0.0.1:11434/api/embeddings "HTTP/1.1 200 OK"
2025-03-20 09:42:25,611 - httpx - INFO - HTTP Request: POST http://127.0.0.1:11434/api/chat "HTTP/1.1 200 OK"
2025-03-20 09:42:25,612 - __main__ - INFO - 
--- Response ---
2025-03-20 09:42:25,613 - __main__ - INFO -  A transaction, in the context of a relational database system, refers to a sequence of one or more operations (such as Create, Read, Update, and Delete) that are performed together as a single, logical unit of work. The entire sequence either succeeds (COMMIT) or fails (ROLLBACK or ABORT). Transactions help ensure data consistency and atomicity, meaning that the transaction takes the database from one consistent state to another consistent state, and it is treated as an atomic unit where it is fully executed or no parts of it are executed.
2025-03-20 09:43:14,771 - httpx - INFO - HTTP Request: POST http://127.0.0.1:11434/api/embeddings "HTTP/1.1 200 OK"
2025-03-20 09:44:17,692 - httpx - INFO - HTTP Request: POST http://127.0.0.1:11434/api/chat "HTTP/1.1 200 OK"
2025-03-20 09:44:17,693 - __main__ - INFO - 
--- Response ---
2025-03-20 09:44:17,693 - __main__ - INFO -  ACID compliant transactions consist of four properties: Atomicity, Consistency, Isolation, and Durability.

1. Atomicity ensures that a transaction is treated as an atomic unit; it either fully executes or no parts of it are executed.
2. Consistency means a transaction takes the database from one consistent state to another consistent state, ensuring all data meets integrity constraints.
3. Isolation ensures two transactions do not affect each other when being executed at the same time, preventing conflicts such as Dirty Read and Phantom Read.
4. Durability guarantees that once a transaction is committed, it will remain committed even in case of system failure.

The context provided does not mention all components but it gives additional insights into the Isolation property through examples of Dirty Reads and optimistic/pessimistic concurrency control models. The CAP theorem mentioned in another chunk has a different definition of consistency than ACID, focusing on maintaining an identical view of data across users in a distributed database system.
2025-03-20 09:45:15,291 - httpx - INFO - HTTP Request: POST http://127.0.0.1:11434/api/embeddings "HTTP/1.1 200 OK"
2025-03-20 09:46:09,264 - httpx - INFO - HTTP Request: POST http://127.0.0.1:11434/api/chat "HTTP/1.1 200 OK"
2025-03-20 09:46:09,264 - __main__ - INFO - 
--- Response ---
2025-03-20 09:46:09,264 - __main__ - INFO -  The CAP principle is based on distributed systems, specifically those that consist of multiple nodes or segments. A single-node database like MongoDB does not fit this definition because it does not have the network issues (Partition Tolerance) inherent in a distributed system. Therefore, a single-node MongoDB instance can provide all three guarantees: Consistency, Availability, and Partition Tolerance simultaneously, making the CAP principle not directly applicable to such an environment. However, understanding the principles behind CAP can still be valuable for designing scalable and fault-tolerant database architectures.
2025-03-20 09:46:25,377 - httpx - INFO - HTTP Request: POST http://127.0.0.1:11434/api/embeddings "HTTP/1.1 200 OK"
2025-03-20 09:47:26,647 - httpx - INFO - HTTP Request: POST http://127.0.0.1:11434/api/chat "HTTP/1.1 200 OK"
2025-03-20 09:47:26,647 - __main__ - INFO - 
--- Response ---
2025-03-20 09:47:26,647 - __main__ - INFO -  Horizontal scaling, also known as scaling out, involves adding more servers or nodes to handle increased demand or workload. This allows for distributing the workload across multiple machines, rather than relying on a single powerful machine (vertical scaling or scaling up). The advantage of horizontal scaling is that it can help improve system resilience and scalability by allowing you to add resources as needed. However, managing distributed systems can be more complex due to issues like network latency, data consistency, and coordination between nodes.

On the other hand, Vertical scaling involves increasing the capabilities of an existing server or system (e.g., adding RAM, CPUs, or storage) to handle increased demand or workload. The advantage of vertical scaling is that it can be simpler to implement compared to horizontal scaling since you don't need to manage multiple machines. However, there are practical and financial limits to how large a single server can become, so eventually, you will need to consider horizontal scaling options.

In summary, the main difference between horizontal (out) and vertical (up) scaling lies in the approach taken to handle increased workload or demand: Horizontal scaling involves adding more resources horizontally across multiple machines, while vertical scaling involves increasing the capabilities of an existing server or system vertically.
2025-03-20 09:48:19,682 - httpx - INFO - HTTP Request: POST http://127.0.0.1:11434/api/embeddings "HTTP/1.1 200 OK"
2025-03-20 09:49:19,537 - httpx - INFO - HTTP Request: POST http://127.0.0.1:11434/api/chat "HTTP/1.1 200 OK"
2025-03-20 09:49:19,537 - __main__ - INFO - 
--- Response ---
2025-03-20 09:49:19,537 - __main__ - INFO -  A Key/Value (KV) store can be utilized as a feature store by mapping keys to values, where each key represents a feature and the corresponding value is the feature's data. In this context, the KV store functions as a repository for storing and quickly retrieving various features used in machine learning models or applications.

Common use cases of using a KV store as a feature store may include:

1. Caching frequently accessed feature data to improve application performance, such as caching frequently accessed HTML/CSS/JS fragments or config settings.
2. Storing and managing tokens for user authentication purposes.
3. Counting web page/app screen views or rate limiting using a counter as one of the stored values (e.g., incrementing the value each time a specific event occurs).
2025-03-20 09:49:45,055 - httpx - INFO - HTTP Request: POST http://127.0.0.1:11434/api/embeddings "HTTP/1.1 200 OK"
2025-03-20 09:50:13,110 - httpx - INFO - HTTP Request: POST http://127.0.0.1:11434/api/chat "HTTP/1.1 200 OK"
2025-03-20 09:50:13,111 - __main__ - INFO - 
--- Response ---
2025-03-20 09:50:13,111 - __main__ - INFO -  I don't have specific information about the exact date Redis was originally released, as it's not directly mentioned in the provided context. However, Redis is an open-source, in-memory data structure store, used as a database, cache, and message broker, which was first introduced around 2009, according to its official website.
2025-03-20 09:50:55,296 - httpx - INFO - HTTP Request: POST http://127.0.0.1:11434/api/embeddings "HTTP/1.1 200 OK"
2025-03-20 09:51:32,269 - httpx - INFO - HTTP Request: POST http://127.0.0.1:11434/api/chat "HTTP/1.1 200 OK"
2025-03-20 09:51:32,270 - __main__ - INFO - 
--- Response ---
2025-03-20 09:51:32,270 - __main__ - INFO -  In Redis, both `INC` and `INCR` are used to increment the value of a key by 1, but they differ in their behavior when the key does not exist.

- The `INC` command increments the value of the key if it exists; otherwise, it creates the key with a value of 1.
- On the other hand, the `INCR` command only increments the value of an existing key and does not create a new key if one does not exist (it will return an error in that case).
2025-03-20 09:52:01,403 - httpx - INFO - HTTP Request: POST http://127.0.0.1:11434/api/embeddings "HTTP/1.1 200 OK"
2025-03-20 09:53:18,926 - httpx - INFO - HTTP Request: POST http://127.0.0.1:11434/api/chat "HTTP/1.1 200 OK"
2025-03-20 09:53:18,927 - __main__ - INFO - 
--- Response ---
2025-03-20 09:53:18,927 - __main__ - INFO -  In the context provided, Binary JSON (BSON) is used by MongoDB to store data efficiently and handle complex data types that are not directly supported by JSON. Here are some potential benefits of BSON over JSON in MongoDB:

1. Efficient storage: BSON can store data more compactly than JSON because it uses binary representation, which takes less space than textual format. This makes it faster and more memory-efficient to store and retrieve data from the database.

2. Handling complex data types: While JSON supports arrays and simple objects, it doesn't natively support certain data types like the Date type, Binary data type, or the ObjectId (a unique identifier used by MongoDB). BSON extends JSON with these features, allowing for more robust data modeling in MongoDB.

3. Performance: Since BSON is a binary format, it can be parsed and serialized faster than JSON, leading to improved performance when working with large amounts of data in MongoDB.

4. Improved indexing: BSON provides better indexing support compared to JSON, which makes queries on the database more efficient and faster. This is particularly useful for document databases like MongoDB where data structures can be complex and diverse.
2025-03-20 09:54:06,081 - httpx - INFO - HTTP Request: POST http://127.0.0.1:11434/api/embeddings "HTTP/1.1 200 OK"
2025-03-20 09:55:14,552 - httpx - INFO - HTTP Request: POST http://127.0.0.1:11434/api/chat "HTTP/1.1 200 OK"
2025-03-20 09:55:14,553 - __main__ - INFO - 
--- Response ---
2025-03-20 09:55:14,553 - __main__ - INFO -  To return the titles of all movies released between 2010 and 2015 from the suspense genre, you can use the following MongoDB query:

```javascript
db.movies.find({
    $and: [
        { year: { $gte: 2010, $lte: 2015 } },
        { genres: "Suspense" }
    ]
}, { _id: 0, title: 1 });
```
In this query, we are using the `$and` operator to combine two conditions. The first condition checks if the movie's release year is between 2010 and 2015. The second condition filters movies based on the 'genres' field and searches for those that belong to the 'Suspense' genre. Finally, we are only returning the titles (`title: 1`) and excluding the `_id` field using the projection operator (`{ _id: 0 }`).
2025-03-20 09:55:52,669 - httpx - INFO - HTTP Request: POST http://127.0.0.1:11434/api/embeddings "HTTP/1.1 200 OK"
2025-03-20 09:56:54,665 - httpx - INFO - HTTP Request: POST http://127.0.0.1:11434/api/chat "HTTP/1.1 200 OK"
2025-03-20 09:56:54,666 - __main__ - INFO - 
--- Response ---
2025-03-20 09:56:54,666 - __main__ - INFO -  The `$nin` operator in a MongoDB query means "not in". It is used to match documents where a specific field does not contain any of the specified values. Here's an example from the context provided:

```python
db.movies.find({ "genre": { $nin: ["action", "adventure"] } })
```

In this case, it would return all movies that are not in the genres 'action' or 'adventure'.
